{"D:\\Documentos\\MINHASCOISAS\\TI\\EBAC\\repositorio_curso_ebac_dev\\src\\App.js": {"path":"D:\\Documentos\\MINHASCOISAS\\TI\\EBAC\\repositorio_curso_ebac_dev\\src\\App.js","statementMap":{"0":{"start":{"line":4,"column":32},"end":{"line":4,"column":44}},"1":{"start":{"line":5,"column":38},"end":{"line":5,"column":50}},"2":{"start":{"line":8,"column":4},"end":{"line":8,"column":40}},"3":{"start":{"line":9,"column":4},"end":{"line":9,"column":21}},"4":{"start":{"line":12,"column":2},"end":{"line":22,"column":4}},"5":{"start":{"line":14,"column":105},"end":{"line":14,"column":125}},"6":{"start":{"line":18,"column":10},"end":{"line":18,"column":40}}},"fnMap":{"0":{"name":"App","decl":{"start":{"line":3,"column":9},"end":{"line":3,"column":12}},"loc":{"start":{"line":3,"column":15},"end":{"line":23,"column":1}},"line":3},"1":{"name":"cadastrarTarefa","decl":{"start":{"line":7,"column":11},"end":{"line":7,"column":26}},"loc":{"start":{"line":7,"column":29},"end":{"line":10,"column":3}},"line":7},"2":{"name":"(anonymous_2)","decl":{"start":{"line":14,"column":78},"end":{"line":14,"column":79}},"loc":{"start":{"line":14,"column":105},"end":{"line":14,"column":125}},"line":14},"3":{"name":"(anonymous_3)","decl":{"start":{"line":17,"column":21},"end":{"line":17,"column":22}},"loc":{"start":{"line":18,"column":10},"end":{"line":18,"column":40}},"line":18}},"branchMap":{},"s":{"0":4,"1":4,"2":1,"3":1,"4":4,"5":1,"6":1},"f":{"0":4,"1":1,"2":1,"3":1},"b":{},"_coverageSchema":"1a1c01bbd47fc00a2c39e90264f33305004495a9","hash":"47e1fc7882abd37160b43d4bd741e18a233a32c8"}
,"D:\\Documentos\\MINHASCOISAS\\TI\\EBAC\\repositorio_curso_ebac_dev\\src\\index.js": {"path":"D:\\Documentos\\MINHASCOISAS\\TI\\EBAC\\repositorio_curso_ebac_dev\\src\\index.js","statementMap":{"0":{"start":{"line":6,"column":13},"end":{"line":6,"column":65}},"1":{"start":{"line":7,"column":0},"end":{"line":11,"column":2}},"2":{"start":{"line":16,"column":0},"end":{"line":16,"column":18}}},"fnMap":{},"branchMap":{},"s":{"0":0,"1":0,"2":0},"f":{},"b":{}}
}
